[2024-06-05T18:56:02.623Z] error: undefined
[2024-06-05T18:56:02.626Z] error: undefined
[2024-06-05T18:56:02.632Z] error: Failed to load services.yaml, please check for errors
[2024-06-05T18:56:02.632Z] error: TypeError: Cannot read properties of null (reading 'map')
[2024-06-05T18:56:02.634Z] error: undefined
[2024-06-05T18:56:02.639Z] error: undefined
[2024-06-05T18:56:02.641Z] error: undefined
[2024-06-05T18:56:02.647Z] error: undefined
[2024-06-05T18:56:02.649Z] error: undefined
[2024-06-05T18:56:02.653Z] error: undefined
[2024-06-05T18:56:02.655Z] error: undefined
[2024-06-05T18:56:02.657Z] error: undefined
[2024-06-05T18:56:02.660Z] error: undefined
[2024-06-05T18:56:02.661Z] error: undefined
[2024-06-05T18:56:02.666Z] error: undefined
[2024-06-05T18:56:02.671Z] error: undefined
[2024-06-05T18:56:02.672Z] error: undefined
[2024-06-05T18:56:02.674Z] error: undefined
[2024-06-05T18:56:02.677Z] error: undefined
[2024-06-05T18:56:02.678Z] error: undefined
[2024-06-05T18:56:02.683Z] error: undefined
[2024-06-05T18:56:02.687Z] error: undefined
[2024-06-05T18:56:02.688Z] error: undefined
[2024-06-05T18:56:02.690Z] error: undefined
[2024-06-05T18:56:02.693Z] error: undefined
[2024-06-05T18:56:02.694Z] error: undefined
[2024-06-05T18:56:02.699Z] error: undefined
[2024-06-05T18:56:02.704Z] error: undefined
[2024-06-05T18:56:02.705Z] error: undefined
[2024-06-05T18:56:02.706Z] error: undefined
[2024-06-05T18:56:02.715Z] error: undefined
[2024-06-05T18:56:02.717Z] error: undefined
[2024-06-05T18:56:02.718Z] error: undefined
[2024-06-05T18:56:02.720Z] error: undefined
[2024-06-05T18:56:02.722Z] error: Failed to load services.yaml, please check for errors
[2024-06-05T18:56:02.722Z] error: TypeError: Cannot read properties of null (reading 'map')
[2024-06-05T18:56:02.796Z] error: Failed to load services.yaml, please check for errors
[2024-06-05T18:56:02.796Z] error: TypeError: Cannot read properties of null (reading 'map')
[2024-06-25T19:22:05.854Z] error: <httpProxy> Error calling https://10.18.210.10:9443/api/endpoints/2/docker/containers/json...
[2024-06-25T19:22:05.856Z] error: <httpProxy> [
  500,
  Error: connect ECONNREFUSED 10.18.210.10:9443
      at TCPConnectWrap.afterConnect [as oncomplete] (node:net:1555:16) {
    errno: -111,
    code: 'ECONNREFUSED',
    syscall: 'connect',
    address: '10.18.210.10',
    port: 9443
  }
]
[2024-06-25T19:22:05.857Z] error: <credentialedProxyHandler> HTTP Error 500 calling https://10.18.210.10:9443/api/endpoints/2/docker/containers/json?all=1
[2024-06-25T19:22:12.062Z] error: <httpProxy> Error calling https://10.18.210.10:9443/api/endpoints/2/docker/containers/json...
[2024-06-25T19:22:12.063Z] error: <httpProxy> [
  500,
  Error: connect ECONNREFUSED 10.18.210.10:9443
      at TCPConnectWrap.afterConnect [as oncomplete] (node:net:1555:16) {
    errno: -111,
    code: 'ECONNREFUSED',
    syscall: 'connect',
    address: '10.18.210.10',
    port: 9443
  }
]
[2024-06-25T19:22:12.063Z] error: <credentialedProxyHandler> HTTP Error 500 calling https://10.18.210.10:9443/api/endpoints/2/docker/containers/json?all=1
